<?xml version="1.0" encoding="UTF-8"?>
<!-- Generated by org.testng.reporters.JUnitXMLReporter -->
<testsuite ignored="0" hostname="LAPTOP-DN3J840J" failures="0" tests="6" name="OpenCartTest" time="43.044" errors="0" timestamp="2023-04-02T14:36:31 CDT">
  <testcase classname="testCases.TC_001_AccountRegistrationTest" name="test_account_Registration" time="3.791"/>
  <testcase classname="testCases.TC_002_LoginTest" name="loginTest" time="0.491"/>
  <testcase classname="testCases.TC_003_LoginDataDrivenTest" name="test_LoginDDT" time="10.449"/>
  <testcase classname="testCases.TC_003_LoginDataDrivenTest" name="test_LoginDDT" time="10.518"/>
  <testcase classname="testCases.TC_003_LoginDataDrivenTest" name="test_LoginDDT" time="10.501"/>
  <testcase classname="testCases.TC_003_LoginDataDrivenTest" name="test_LoginDDT" time="0.492"/>
</testsuite> <!-- OpenCartTest -->
