<?xml version="1.0" encoding="UTF-8"?>
<!-- Generated by org.testng.reporters.JUnitXMLReporter -->
<testsuite ignored="0" hostname="LAPTOP-DN3J840J" failures="0" tests="6" name="OpenCartTest" time="51.168" errors="0" timestamp="2023-04-03T15:04:55 CDT">
  <testcase classname="testCases.TC_001_AccountRegistrationTest" name="test_account_Registration" time="3.988"/>
  <testcase classname="testCases.TC_002_LoginTest" name="loginTest" time="0.722"/>
  <testcase classname="testCases.TC_003_LoginDataDrivenTest" name="test_LoginDDT" time="10.692"/>
  <testcase classname="testCases.TC_003_LoginDataDrivenTest" name="test_LoginDDT" time="10.537"/>
  <testcase classname="testCases.TC_003_LoginDataDrivenTest" name="test_LoginDDT" time="10.492"/>
  <testcase classname="testCases.TC_003_LoginDataDrivenTest" name="test_LoginDDT" time="0.533"/>
</testsuite> <!-- OpenCartTest -->
