<?xml version="1.0" encoding="UTF-8"?>
<testng-results ignored="0" total="6" passed="6" failed="0" skipped="0">
  <reporter-output>
  </reporter-output>
  <suite started-at="2023-04-06T12:24:59 CDT" name="OpenCartSuite" finished-at="2023-04-06T12:25:42 CDT" duration-ms="43551">
    <groups>
      <group name="Master">
        <method signature="TC_001_AccountRegistrationTest.test_account_Registration()[pri:0, instance:testCases.TC_001_AccountRegistrationTest@5e0826e7]" name="test_account_Registration" class="testCases.TC_001_AccountRegistrationTest"/>
        <method signature="TC_002_LoginTest.loginTest()[pri:0, instance:testCases.TC_002_LoginTest@47af7f3d]" name="loginTest" class="testCases.TC_002_LoginTest"/>
      </group> <!-- Master -->
      <group name="Sanity">
        <method signature="TC_002_LoginTest.loginTest()[pri:0, instance:testCases.TC_002_LoginTest@47af7f3d]" name="loginTest" class="testCases.TC_002_LoginTest"/>
      </group> <!-- Sanity -->
      <group name="Regression">
        <method signature="TC_001_AccountRegistrationTest.test_account_Registration()[pri:0, instance:testCases.TC_001_AccountRegistrationTest@5e0826e7]" name="test_account_Registration" class="testCases.TC_001_AccountRegistrationTest"/>
      </group> <!-- Regression -->
    </groups>
    <test started-at="2023-04-06T12:24:59 CDT" name="OpenCartTest" finished-at="2023-04-06T12:25:42 CDT" duration-ms="43551">
      <class name="testCases.TC_001_AccountRegistrationTest">
        <test-method is-config="true" signature="setUp(java.lang.String)[pri:0, instance:testCases.TC_001_AccountRegistrationTest@5e0826e7]" started-at="2023-04-06T12:24:59 CDT" name="setUp" finished-at="2023-04-06T12:25:01 CDT" duration-ms="2303" status="PASS">
          <params>
            <param index="0">
              <value>
                <![CDATA[edge]]>
              </value>
            </param>
          </params>
          <reporter-output>
          </reporter-output>
        </test-method> <!-- setUp -->
        <test-method signature="test_account_Registration()[pri:0, instance:testCases.TC_001_AccountRegistrationTest@5e0826e7]" started-at="2023-04-06T12:25:01 CDT" name="test_account_Registration" finished-at="2023-04-06T12:25:05 CDT" duration-ms="4189" status="PASS">
          <reporter-output>
          </reporter-output>
        </test-method> <!-- test_account_Registration -->
        <test-method is-config="true" signature="tearDown()[pri:0, instance:testCases.TC_001_AccountRegistrationTest@5e0826e7]" started-at="2023-04-06T12:25:05 CDT" name="tearDown" finished-at="2023-04-06T12:25:06 CDT" duration-ms="177" status="PASS">
          <reporter-output>
          </reporter-output>
        </test-method> <!-- tearDown -->
      </class> <!-- testCases.TC_001_AccountRegistrationTest -->
      <class name="testCases.TC_002_LoginTest">
        <test-method is-config="true" signature="setUp(java.lang.String)[pri:0, instance:testCases.TC_002_LoginTest@47af7f3d]" started-at="2023-04-06T12:25:06 CDT" name="setUp" finished-at="2023-04-06T12:25:07 CDT" duration-ms="1566" status="PASS">
          <params>
            <param index="0">
              <value>
                <![CDATA[edge]]>
              </value>
            </param>
          </params>
          <reporter-output>
          </reporter-output>
        </test-method> <!-- setUp -->
        <test-method signature="loginTest()[pri:0, instance:testCases.TC_002_LoginTest@47af7f3d]" started-at="2023-04-06T12:25:07 CDT" name="loginTest" finished-at="2023-04-06T12:25:08 CDT" duration-ms="1101" status="PASS">
          <reporter-output>
          </reporter-output>
        </test-method> <!-- loginTest -->
        <test-method is-config="true" signature="tearDown()[pri:0, instance:testCases.TC_002_LoginTest@47af7f3d]" started-at="2023-04-06T12:25:08 CDT" name="tearDown" finished-at="2023-04-06T12:25:08 CDT" duration-ms="180" status="PASS">
          <reporter-output>
          </reporter-output>
        </test-method> <!-- tearDown -->
      </class> <!-- testCases.TC_002_LoginTest -->
      <class name="testCases.TC_003_LoginDataDrivenTest">
        <test-method is-config="true" signature="setUp(java.lang.String)[pri:0, instance:testCases.TC_003_LoginDataDrivenTest@7c729a55]" started-at="2023-04-06T12:25:08 CDT" name="setUp" finished-at="2023-04-06T12:25:09 CDT" duration-ms="1009" status="PASS">
          <params>
            <param index="0">
              <value>
                <![CDATA[edge]]>
              </value>
            </param>
          </params>
          <reporter-output>
          </reporter-output>
        </test-method> <!-- setUp -->
        <test-method signature="test_LoginDDT(java.lang.String,java.lang.String,java.lang.String)[pri:0, instance:testCases.TC_003_LoginDataDrivenTest@7c729a55]" started-at="2023-04-06T12:25:10 CDT" name="test_LoginDDT" data-provider="LoginData" finished-at="2023-04-06T12:25:21 CDT" duration-ms="10541" status="PASS">
          <params>
            <param index="0">
              <value>
                <![CDATA[asdasd@gmail.com]]>
              </value>
            </param>
            <param index="1">
              <value>
                <![CDATA[test@123]]>
              </value>
            </param>
            <param index="2">
              <value>
                <![CDATA[Invalid]]>
              </value>
            </param>
          </params>
          <reporter-output>
          </reporter-output>
        </test-method> <!-- test_LoginDDT -->
        <test-method signature="test_LoginDDT(java.lang.String,java.lang.String,java.lang.String)[pri:0, instance:testCases.TC_003_LoginDataDrivenTest@7c729a55]" started-at="2023-04-06T12:25:21 CDT" name="test_LoginDDT" data-provider="LoginData" finished-at="2023-04-06T12:25:31 CDT" duration-ms="10492" status="PASS">
          <params>
            <param index="0">
              <value>
                <![CDATA[1231asd@gmail.com]]>
              </value>
            </param>
            <param index="1">
              <value>
                <![CDATA[asdad]]>
              </value>
            </param>
            <param index="2">
              <value>
                <![CDATA[Invalid]]>
              </value>
            </param>
          </params>
          <reporter-output>
          </reporter-output>
        </test-method> <!-- test_LoginDDT -->
        <test-method signature="test_LoginDDT(java.lang.String,java.lang.String,java.lang.String)[pri:0, instance:testCases.TC_003_LoginDataDrivenTest@7c729a55]" started-at="2023-04-06T12:25:31 CDT" name="test_LoginDDT" data-provider="LoginData" finished-at="2023-04-06T12:25:42 CDT" duration-ms="10451" status="PASS">
          <params>
            <param index="0">
              <value>
                <![CDATA[dcyormaz@gmail.com]]>
              </value>
            </param>
            <param index="1">
              <value>
                <![CDATA[1234]]>
              </value>
            </param>
            <param index="2">
              <value>
                <![CDATA[Invalid]]>
              </value>
            </param>
          </params>
          <reporter-output>
          </reporter-output>
        </test-method> <!-- test_LoginDDT -->
        <test-method signature="test_LoginDDT(java.lang.String,java.lang.String,java.lang.String)[pri:0, instance:testCases.TC_003_LoginDataDrivenTest@7c729a55]" started-at="2023-04-06T12:25:42 CDT" name="test_LoginDDT" data-provider="LoginData" finished-at="2023-04-06T12:25:42 CDT" duration-ms="454" status="PASS">
          <params>
            <param index="0">
              <value>
                <![CDATA[test123@gmail.com]]>
              </value>
            </param>
            <param index="1">
              <value>
                <![CDATA[Test@123]]>
              </value>
            </param>
            <param index="2">
              <value>
                <![CDATA[valid]]>
              </value>
            </param>
          </params>
          <reporter-output>
          </reporter-output>
        </test-method> <!-- test_LoginDDT -->
        <test-method is-config="true" signature="tearDown()[pri:0, instance:testCases.TC_003_LoginDataDrivenTest@7c729a55]" started-at="2023-04-06T12:25:42 CDT" name="tearDown" finished-at="2023-04-06T12:25:42 CDT" duration-ms="177" status="PASS">
          <reporter-output>
          </reporter-output>
        </test-method> <!-- tearDown -->
      </class> <!-- testCases.TC_003_LoginDataDrivenTest -->
    </test> <!-- OpenCartTest -->
  </suite> <!-- OpenCartSuite -->
</testng-results>
